TOP.67e72794.000ea8d5	START
TOP.67e72794.000ea8d5	folder_config->cwd	/home/blue/Documents/htb
TOP.67e72794.000ea8d5	folder_config->install_dir	/usr/bin
TOP.67e72794.000ea8d5	folder_config->profile_dir	/home/blue/.local/share/hashcat
TOP.67e72794.000ea8d5	folder_config->session_dir	/home/blue/.local/share/hashcat/sessions
TOP.67e72794.000ea8d5	folder_config->shared_dir	/usr/share/hashcat
TOP.67e72794.000ea8d5	user_options->encoding_from	utf-8
TOP.67e72794.000ea8d5	user_options->encoding_to	utf-8
TOP.67e72794.000ea8d5	user_options->rule_buf_l	:
TOP.67e72794.000ea8d5	user_options->rule_buf_r	:
TOP.67e72794.000ea8d5	user_options->session	hashcat
TOP.67e72794.000ea8d5	user_options->separator	:
TOP.67e72794.000ea8d5	user_options->limit	0
TOP.67e72794.000ea8d5	user_options->skip	0
TOP.67e72794.000ea8d5	user_options->attack_mode	0
TOP.67e72794.000ea8d5	user_options->benchmark	0
TOP.67e72794.000ea8d5	user_options->benchmark_all	0
TOP.67e72794.000ea8d5	user_options->bitmap_max	18
TOP.67e72794.000ea8d5	user_options->bitmap_min	16
TOP.67e72794.000ea8d5	user_options->debug_mode	0
TOP.67e72794.000ea8d5	user_options->hash_info	0
TOP.67e72794.000ea8d5	user_options->force	0
TOP.67e72794.000ea8d5	user_options->hwmon_disable	0
TOP.67e72794.000ea8d5	user_options->hwmon_temp_abort	90
TOP.67e72794.000ea8d5	user_options->hash_mode	0
TOP.67e72794.000ea8d5	user_options->hex_charset	0
TOP.67e72794.000ea8d5	user_options->hex_salt	0
TOP.67e72794.000ea8d5	user_options->hex_wordlist	0
TOP.67e72794.000ea8d5	user_options->hook_threads	4
TOP.67e72794.000ea8d5	user_options->identify	0
TOP.67e72794.000ea8d5	user_options->increment	0
TOP.67e72794.000ea8d5	user_options->increment_max	256
TOP.67e72794.000ea8d5	user_options->increment_min	1
TOP.67e72794.000ea8d5	user_options->keep_guessing	0
TOP.67e72794.000ea8d5	user_options->kernel_accel	0
TOP.67e72794.000ea8d5	user_options->kernel_loops	0
TOP.67e72794.000ea8d5	user_options->kernel_threads	0
TOP.67e72794.000ea8d5	user_options->keyspace	0
TOP.67e72794.000ea8d5	user_options->left	0
TOP.67e72794.000ea8d5	user_options->logfile_disable	0
TOP.67e72794.000ea8d5	user_options->loopback	0
TOP.67e72794.000ea8d5	user_options->machine_readable	0
TOP.67e72794.000ea8d5	user_options->markov_classic	0
TOP.67e72794.000ea8d5	user_options->markov_disable	0
TOP.67e72794.000ea8d5	user_options->markov_inverse	0
TOP.67e72794.000ea8d5	user_options->markov_threshold	256
TOP.67e72794.000ea8d5	user_options->multiply_accel_disable	0
TOP.67e72794.000ea8d5	user_options->backend_info	0
TOP.67e72794.000ea8d5	user_options->backend_vector_width	0
TOP.67e72794.000ea8d5	user_options->optimized_kernel_enable	0
TOP.67e72794.000ea8d5	user_options->outfile_autohex	1
TOP.67e72794.000ea8d5	user_options->outfile_check_timer	5
TOP.67e72794.000ea8d5	user_options->outfile_format	3
TOP.67e72794.000ea8d5	user_options->wordlist_autohex_disable	0
TOP.67e72794.000ea8d5	user_options->potfile_disable	0
TOP.67e72794.000ea8d5	user_options->progress_only	0
TOP.67e72794.000ea8d5	user_options->quiet	0
TOP.67e72794.000ea8d5	user_options->remove	0
TOP.67e72794.000ea8d5	user_options->remove_timer	60
TOP.67e72794.000ea8d5	user_options->restore	0
TOP.67e72794.000ea8d5	user_options->restore_disable	0
TOP.67e72794.000ea8d5	user_options->restore_timer	1
TOP.67e72794.000ea8d5	user_options->rp_files_cnt	0
TOP.67e72794.000ea8d5	user_options->rp_gen	0
TOP.67e72794.000ea8d5	user_options->rp_gen_func_max	4
TOP.67e72794.000ea8d5	user_options->rp_gen_func_min	1
TOP.67e72794.000ea8d5	user_options->rp_gen_seed	0
TOP.67e72794.000ea8d5	user_options->runtime	0
TOP.67e72794.000ea8d5	user_options->scrypt_tmto	0
TOP.67e72794.000ea8d5	user_options->segment_size	33554432
TOP.67e72794.000ea8d5	user_options->self_test_disable	0
TOP.67e72794.000ea8d5	user_options->slow_candidates	0
TOP.67e72794.000ea8d5	user_options->show	0
TOP.67e72794.000ea8d5	user_options->speed_only	0
TOP.67e72794.000ea8d5	user_options->spin_damp	0
TOP.67e72794.000ea8d5	user_options->status	0
TOP.67e72794.000ea8d5	user_options->status_json	0
TOP.67e72794.000ea8d5	user_options->status_timer	10
TOP.67e72794.000ea8d5	user_options->stdout_flag	0
TOP.67e72794.000ea8d5	user_options->usage	0
TOP.67e72794.000ea8d5	user_options->username	0
TOP.67e72794.000ea8d5	user_options->veracrypt_pim_start	485
TOP.67e72794.000ea8d5	user_options->veracrypt_pim_stop	485
TOP.67e72794.000ea8d5	user_options->version	0
TOP.67e72794.000ea8d5	user_options->workload_profile	2
TOP.67e72794.000ea8d5	user_options->brain_client	0
TOP.67e72794.000ea8d5	user_options->brain_client_features	2
TOP.67e72794.000ea8d5	user_options->brain_server	0
TOP.67e72794.000ea8d5	user_options->brain_server_timer	300
TOP.67e72794.000ea8d5	user_options->brain_port	6863
TOP.67e72794.000ea8d5	user_options->brain_session	0
TOP.67e727d6.0003a379	START
TOP.67e727d6.0003a379	folder_config->cwd	/home/blue/Documents/htb
TOP.67e727d6.0003a379	folder_config->install_dir	/usr/bin
TOP.67e727d6.0003a379	folder_config->profile_dir	/home/blue/.local/share/hashcat
TOP.67e727d6.0003a379	folder_config->session_dir	/home/blue/.local/share/hashcat/sessions
TOP.67e727d6.0003a379	folder_config->shared_dir	/usr/share/hashcat
TOP.67e727d6.0003a379	user_options->encoding_from	utf-8
TOP.67e727d6.0003a379	user_options->encoding_to	utf-8
TOP.67e727d6.0003a379	user_options->rule_buf_l	:
TOP.67e727d6.0003a379	user_options->rule_buf_r	:
TOP.67e727d6.0003a379	user_options->session	hashcat
TOP.67e727d6.0003a379	user_options->separator	:
TOP.67e727d6.0003a379	user_options->limit	0
TOP.67e727d6.0003a379	user_options->skip	0
TOP.67e727d6.0003a379	user_options->attack_mode	0
TOP.67e727d6.0003a379	user_options->benchmark	0
TOP.67e727d6.0003a379	user_options->benchmark_all	0
TOP.67e727d6.0003a379	user_options->bitmap_max	18
TOP.67e727d6.0003a379	user_options->bitmap_min	16
TOP.67e727d6.0003a379	user_options->debug_mode	0
TOP.67e727d6.0003a379	user_options->hash_info	0
TOP.67e727d6.0003a379	user_options->force	0
TOP.67e727d6.0003a379	user_options->hwmon_disable	0
TOP.67e727d6.0003a379	user_options->hwmon_temp_abort	90
TOP.67e727d6.0003a379	user_options->hash_mode	13600
TOP.67e727d6.0003a379	user_options->hex_charset	0
TOP.67e727d6.0003a379	user_options->hex_salt	0
TOP.67e727d6.0003a379	user_options->hex_wordlist	0
TOP.67e727d6.0003a379	user_options->hook_threads	4
TOP.67e727d6.0003a379	user_options->identify	0
TOP.67e727d6.0003a379	user_options->increment	0
TOP.67e727d6.0003a379	user_options->increment_max	256
TOP.67e727d6.0003a379	user_options->increment_min	1
TOP.67e727d6.0003a379	user_options->keep_guessing	0
TOP.67e727d6.0003a379	user_options->kernel_accel	0
TOP.67e727d6.0003a379	user_options->kernel_loops	0
TOP.67e727d6.0003a379	user_options->kernel_threads	0
TOP.67e727d6.0003a379	user_options->keyspace	0
TOP.67e727d6.0003a379	user_options->left	0
TOP.67e727d6.0003a379	user_options->logfile_disable	0
TOP.67e727d6.0003a379	user_options->loopback	0
TOP.67e727d6.0003a379	user_options->machine_readable	0
TOP.67e727d6.0003a379	user_options->markov_classic	0
TOP.67e727d6.0003a379	user_options->markov_disable	0
TOP.67e727d6.0003a379	user_options->markov_inverse	0
TOP.67e727d6.0003a379	user_options->markov_threshold	256
TOP.67e727d6.0003a379	user_options->multiply_accel_disable	0
TOP.67e727d6.0003a379	user_options->backend_info	0
TOP.67e727d6.0003a379	user_options->backend_vector_width	0
TOP.67e727d6.0003a379	user_options->optimized_kernel_enable	0
TOP.67e727d6.0003a379	user_options->outfile_autohex	1
TOP.67e727d6.0003a379	user_options->outfile_check_timer	5
TOP.67e727d6.0003a379	user_options->outfile_format	3
TOP.67e727d6.0003a379	user_options->wordlist_autohex_disable	0
TOP.67e727d6.0003a379	user_options->potfile_disable	0
TOP.67e727d6.0003a379	user_options->progress_only	0
TOP.67e727d6.0003a379	user_options->quiet	0
TOP.67e727d6.0003a379	user_options->remove	0
TOP.67e727d6.0003a379	user_options->remove_timer	60
TOP.67e727d6.0003a379	user_options->restore	0
TOP.67e727d6.0003a379	user_options->restore_disable	0
TOP.67e727d6.0003a379	user_options->restore_timer	1
TOP.67e727d6.0003a379	user_options->rp_files_cnt	0
TOP.67e727d6.0003a379	user_options->rp_gen	0
TOP.67e727d6.0003a379	user_options->rp_gen_func_max	4
TOP.67e727d6.0003a379	user_options->rp_gen_func_min	1
TOP.67e727d6.0003a379	user_options->rp_gen_seed	0
TOP.67e727d6.0003a379	user_options->runtime	0
TOP.67e727d6.0003a379	user_options->scrypt_tmto	0
TOP.67e727d6.0003a379	user_options->segment_size	33554432
TOP.67e727d6.0003a379	user_options->self_test_disable	0
TOP.67e727d6.0003a379	user_options->slow_candidates	0
TOP.67e727d6.0003a379	user_options->show	0
TOP.67e727d6.0003a379	user_options->speed_only	0
TOP.67e727d6.0003a379	user_options->spin_damp	0
TOP.67e727d6.0003a379	user_options->status	0
TOP.67e727d6.0003a379	user_options->status_json	0
TOP.67e727d6.0003a379	user_options->status_timer	10
TOP.67e727d6.0003a379	user_options->stdout_flag	0
TOP.67e727d6.0003a379	user_options->usage	0
TOP.67e727d6.0003a379	user_options->username	0
TOP.67e727d6.0003a379	user_options->veracrypt_pim_start	485
TOP.67e727d6.0003a379	user_options->veracrypt_pim_stop	485
TOP.67e727d6.0003a379	user_options->version	0
TOP.67e727d6.0003a379	user_options->workload_profile	2
TOP.67e727d6.0003a379	user_options->brain_client	0
TOP.67e727d6.0003a379	user_options->brain_client_features	2
TOP.67e727d6.0003a379	user_options->brain_server	0
TOP.67e727d6.0003a379	user_options->brain_server_timer	300
TOP.67e727d6.0003a379	user_options->brain_port	6863
TOP.67e727d6.0003a379	user_options->brain_session	0
TOP.67e727d6.0003a379	proc_start	1743202262
TOP.67e727d6.0003a379	proc_stop	1743202262
TOP.67e727d6.0003a379	STOP
TOP.67e727f0.000645d6	START
TOP.67e727f0.000645d6	folder_config->cwd	/home/blue/Documents/htb
TOP.67e727f0.000645d6	folder_config->install_dir	/usr/bin
TOP.67e727f0.000645d6	folder_config->profile_dir	/home/blue/.local/share/hashcat
TOP.67e727f0.000645d6	folder_config->session_dir	/home/blue/.local/share/hashcat/sessions
TOP.67e727f0.000645d6	folder_config->shared_dir	/usr/share/hashcat
TOP.67e727f0.000645d6	user_options->encoding_from	utf-8
TOP.67e727f0.000645d6	user_options->encoding_to	utf-8
TOP.67e727f0.000645d6	user_options->rule_buf_l	:
TOP.67e727f0.000645d6	user_options->rule_buf_r	:
TOP.67e727f0.000645d6	user_options->session	hashcat
TOP.67e727f0.000645d6	user_options->separator	:
TOP.67e727f0.000645d6	user_options->limit	0
TOP.67e727f0.000645d6	user_options->skip	0
TOP.67e727f0.000645d6	user_options->attack_mode	0
TOP.67e727f0.000645d6	user_options->benchmark	0
TOP.67e727f0.000645d6	user_options->benchmark_all	0
TOP.67e727f0.000645d6	user_options->bitmap_max	18
TOP.67e727f0.000645d6	user_options->bitmap_min	16
TOP.67e727f0.000645d6	user_options->debug_mode	0
TOP.67e727f0.000645d6	user_options->hash_info	0
TOP.67e727f0.000645d6	user_options->force	0
TOP.67e727f0.000645d6	user_options->hwmon_disable	0
TOP.67e727f0.000645d6	user_options->hwmon_temp_abort	90
TOP.67e727f0.000645d6	user_options->hash_mode	11600
TOP.67e727f0.000645d6	user_options->hex_charset	0
TOP.67e727f0.000645d6	user_options->hex_salt	0
TOP.67e727f0.000645d6	user_options->hex_wordlist	0
TOP.67e727f0.000645d6	user_options->hook_threads	4
TOP.67e727f0.000645d6	user_options->identify	0
TOP.67e727f0.000645d6	user_options->increment	0
TOP.67e727f0.000645d6	user_options->increment_max	256
TOP.67e727f0.000645d6	user_options->increment_min	1
TOP.67e727f0.000645d6	user_options->keep_guessing	0
TOP.67e727f0.000645d6	user_options->kernel_accel	0
TOP.67e727f0.000645d6	user_options->kernel_loops	0
TOP.67e727f0.000645d6	user_options->kernel_threads	0
TOP.67e727f0.000645d6	user_options->keyspace	0
TOP.67e727f0.000645d6	user_options->left	0
TOP.67e727f0.000645d6	user_options->logfile_disable	0
TOP.67e727f0.000645d6	user_options->loopback	0
TOP.67e727f0.000645d6	user_options->machine_readable	0
TOP.67e727f0.000645d6	user_options->markov_classic	0
TOP.67e727f0.000645d6	user_options->markov_disable	0
TOP.67e727f0.000645d6	user_options->markov_inverse	0
TOP.67e727f0.000645d6	user_options->markov_threshold	256
TOP.67e727f0.000645d6	user_options->multiply_accel_disable	0
TOP.67e727f0.000645d6	user_options->backend_info	0
TOP.67e727f0.000645d6	user_options->backend_vector_width	0
TOP.67e727f0.000645d6	user_options->optimized_kernel_enable	0
TOP.67e727f0.000645d6	user_options->outfile_autohex	1
TOP.67e727f0.000645d6	user_options->outfile_check_timer	5
TOP.67e727f0.000645d6	user_options->outfile_format	3
TOP.67e727f0.000645d6	user_options->wordlist_autohex_disable	0
TOP.67e727f0.000645d6	user_options->potfile_disable	0
TOP.67e727f0.000645d6	user_options->progress_only	0
TOP.67e727f0.000645d6	user_options->quiet	0
TOP.67e727f0.000645d6	user_options->remove	0
TOP.67e727f0.000645d6	user_options->remove_timer	60
TOP.67e727f0.000645d6	user_options->restore	0
TOP.67e727f0.000645d6	user_options->restore_disable	0
TOP.67e727f0.000645d6	user_options->restore_timer	1
TOP.67e727f0.000645d6	user_options->rp_files_cnt	0
TOP.67e727f0.000645d6	user_options->rp_gen	0
TOP.67e727f0.000645d6	user_options->rp_gen_func_max	4
TOP.67e727f0.000645d6	user_options->rp_gen_func_min	1
TOP.67e727f0.000645d6	user_options->rp_gen_seed	0
TOP.67e727f0.000645d6	user_options->runtime	0
TOP.67e727f0.000645d6	user_options->scrypt_tmto	0
TOP.67e727f0.000645d6	user_options->segment_size	33554432
TOP.67e727f0.000645d6	user_options->self_test_disable	0
TOP.67e727f0.000645d6	user_options->slow_candidates	0
TOP.67e727f0.000645d6	user_options->show	0
TOP.67e727f0.000645d6	user_options->speed_only	0
TOP.67e727f0.000645d6	user_options->spin_damp	0
TOP.67e727f0.000645d6	user_options->status	0
TOP.67e727f0.000645d6	user_options->status_json	0
TOP.67e727f0.000645d6	user_options->status_timer	10
TOP.67e727f0.000645d6	user_options->stdout_flag	0
TOP.67e727f0.000645d6	user_options->usage	0
TOP.67e727f0.000645d6	user_options->username	0
TOP.67e727f0.000645d6	user_options->veracrypt_pim_start	485
TOP.67e727f0.000645d6	user_options->veracrypt_pim_stop	485
TOP.67e727f0.000645d6	user_options->version	0
TOP.67e727f0.000645d6	user_options->workload_profile	2
TOP.67e727f0.000645d6	user_options->brain_client	0
TOP.67e727f0.000645d6	user_options->brain_client_features	2
TOP.67e727f0.000645d6	user_options->brain_server	0
TOP.67e727f0.000645d6	user_options->brain_server_timer	300
TOP.67e727f0.000645d6	user_options->brain_port	6863
TOP.67e727f0.000645d6	user_options->brain_session	0
TOP.67e727f0.000645d6	proc_start	1743202288
TOP.67e727f0.000645d6	proc_stop	1743202288
TOP.67e727f0.000645d6	STOP
TOP.67e72874.000aef9c	START
TOP.67e72874.000aef9c	folder_config->cwd	/home/blue/Documents/htb
TOP.67e72874.000aef9c	folder_config->install_dir	/usr/bin
TOP.67e72874.000aef9c	folder_config->profile_dir	/home/blue/.local/share/hashcat
TOP.67e72874.000aef9c	folder_config->session_dir	/home/blue/.local/share/hashcat/sessions
TOP.67e72874.000aef9c	folder_config->shared_dir	/usr/share/hashcat
TOP.67e72874.000aef9c	user_options->encoding_from	utf-8
TOP.67e72874.000aef9c	user_options->encoding_to	utf-8
TOP.67e72874.000aef9c	user_options->rule_buf_l	:
TOP.67e72874.000aef9c	user_options->rule_buf_r	:
TOP.67e72874.000aef9c	user_options->session	hashcat
TOP.67e72874.000aef9c	user_options->separator	:
TOP.67e72874.000aef9c	user_options->limit	0
TOP.67e72874.000aef9c	user_options->skip	0
TOP.67e72874.000aef9c	user_options->attack_mode	0
TOP.67e72874.000aef9c	user_options->benchmark	0
TOP.67e72874.000aef9c	user_options->benchmark_all	0
TOP.67e72874.000aef9c	user_options->bitmap_max	18
TOP.67e72874.000aef9c	user_options->bitmap_min	16
TOP.67e72874.000aef9c	user_options->debug_mode	0
TOP.67e72874.000aef9c	user_options->hash_info	0
TOP.67e72874.000aef9c	user_options->force	0
TOP.67e72874.000aef9c	user_options->hwmon_disable	0
TOP.67e72874.000aef9c	user_options->hwmon_temp_abort	90
TOP.67e72874.000aef9c	user_options->hash_mode	0
TOP.67e72874.000aef9c	user_options->hex_charset	0
TOP.67e72874.000aef9c	user_options->hex_salt	0
TOP.67e72874.000aef9c	user_options->hex_wordlist	0
TOP.67e72874.000aef9c	user_options->hook_threads	4
TOP.67e72874.000aef9c	user_options->identify	0
TOP.67e72874.000aef9c	user_options->increment	0
TOP.67e72874.000aef9c	user_options->increment_max	256
TOP.67e72874.000aef9c	user_options->increment_min	1
TOP.67e72874.000aef9c	user_options->keep_guessing	0
TOP.67e72874.000aef9c	user_options->kernel_accel	0
TOP.67e72874.000aef9c	user_options->kernel_loops	0
TOP.67e72874.000aef9c	user_options->kernel_threads	0
TOP.67e72874.000aef9c	user_options->keyspace	0
TOP.67e72874.000aef9c	user_options->left	0
TOP.67e72874.000aef9c	user_options->logfile_disable	0
TOP.67e72874.000aef9c	user_options->loopback	0
TOP.67e72874.000aef9c	user_options->machine_readable	0
TOP.67e72874.000aef9c	user_options->markov_classic	0
TOP.67e72874.000aef9c	user_options->markov_disable	0
TOP.67e72874.000aef9c	user_options->markov_inverse	0
TOP.67e72874.000aef9c	user_options->markov_threshold	256
TOP.67e72874.000aef9c	user_options->multiply_accel_disable	0
TOP.67e72874.000aef9c	user_options->backend_info	0
TOP.67e72874.000aef9c	user_options->backend_vector_width	0
TOP.67e72874.000aef9c	user_options->optimized_kernel_enable	0
TOP.67e72874.000aef9c	user_options->outfile_autohex	1
TOP.67e72874.000aef9c	user_options->outfile_check_timer	5
TOP.67e72874.000aef9c	user_options->outfile_format	3
TOP.67e72874.000aef9c	user_options->wordlist_autohex_disable	0
TOP.67e72874.000aef9c	user_options->potfile_disable	0
TOP.67e72874.000aef9c	user_options->progress_only	0
TOP.67e72874.000aef9c	user_options->quiet	0
TOP.67e72874.000aef9c	user_options->remove	0
TOP.67e72874.000aef9c	user_options->remove_timer	60
TOP.67e72874.000aef9c	user_options->restore	0
TOP.67e72874.000aef9c	user_options->restore_disable	0
TOP.67e72874.000aef9c	user_options->restore_timer	1
TOP.67e72874.000aef9c	user_options->rp_files_cnt	0
TOP.67e72874.000aef9c	user_options->rp_gen	0
TOP.67e72874.000aef9c	user_options->rp_gen_func_max	4
TOP.67e72874.000aef9c	user_options->rp_gen_func_min	1
TOP.67e72874.000aef9c	user_options->rp_gen_seed	0
TOP.67e72874.000aef9c	user_options->runtime	0
TOP.67e72874.000aef9c	user_options->scrypt_tmto	0
TOP.67e72874.000aef9c	user_options->segment_size	33554432
TOP.67e72874.000aef9c	user_options->self_test_disable	0
TOP.67e72874.000aef9c	user_options->slow_candidates	0
TOP.67e72874.000aef9c	user_options->show	0
TOP.67e72874.000aef9c	user_options->speed_only	0
TOP.67e72874.000aef9c	user_options->spin_damp	0
TOP.67e72874.000aef9c	user_options->status	1
TOP.67e72874.000aef9c	user_options->status_json	0
TOP.67e72874.000aef9c	user_options->status_timer	10
TOP.67e72874.000aef9c	user_options->stdout_flag	0
TOP.67e72874.000aef9c	user_options->usage	0
TOP.67e72874.000aef9c	user_options->username	0
TOP.67e72874.000aef9c	user_options->veracrypt_pim_start	485
TOP.67e72874.000aef9c	user_options->veracrypt_pim_stop	485
TOP.67e72874.000aef9c	user_options->version	0
TOP.67e72874.000aef9c	user_options->workload_profile	2
TOP.67e72874.000aef9c	user_options->brain_client	0
TOP.67e72874.000aef9c	user_options->brain_client_features	2
TOP.67e72874.000aef9c	user_options->brain_server	0
TOP.67e72874.000aef9c	user_options->brain_server_timer	300
TOP.67e72874.000aef9c	user_options->brain_port	6863
TOP.67e72874.000aef9c	user_options->brain_session	0
TOP.67e8cc8e.0007b0ce	START
TOP.67e8cc8e.0007b0ce	folder_config->cwd	/home/blue/Documents/htb/machines/certified
TOP.67e8cc8e.0007b0ce	folder_config->install_dir	/usr/bin
TOP.67e8cc8e.0007b0ce	folder_config->profile_dir	/home/blue/.local/share/hashcat
TOP.67e8cc8e.0007b0ce	folder_config->session_dir	/home/blue/.local/share/hashcat/sessions
TOP.67e8cc8e.0007b0ce	folder_config->shared_dir	/usr/share/hashcat
TOP.67e8cc8e.0007b0ce	user_options->encoding_from	utf-8
TOP.67e8cc8e.0007b0ce	user_options->encoding_to	utf-8
TOP.67e8cc8e.0007b0ce	user_options->rule_buf_l	:
TOP.67e8cc8e.0007b0ce	user_options->rule_buf_r	:
TOP.67e8cc8e.0007b0ce	user_options->session	hashcat
TOP.67e8cc8e.0007b0ce	user_options->separator	:
TOP.67e8cc8e.0007b0ce	user_options->limit	0
TOP.67e8cc8e.0007b0ce	user_options->skip	0
TOP.67e8cc8e.0007b0ce	user_options->attack_mode	0
TOP.67e8cc8e.0007b0ce	user_options->benchmark	0
TOP.67e8cc8e.0007b0ce	user_options->benchmark_all	0
TOP.67e8cc8e.0007b0ce	user_options->bitmap_max	18
TOP.67e8cc8e.0007b0ce	user_options->bitmap_min	16
TOP.67e8cc8e.0007b0ce	user_options->debug_mode	0
TOP.67e8cc8e.0007b0ce	user_options->hash_info	0
TOP.67e8cc8e.0007b0ce	user_options->force	0
TOP.67e8cc8e.0007b0ce	user_options->hwmon_disable	0
TOP.67e8cc8e.0007b0ce	user_options->hwmon_temp_abort	90
TOP.67e8cc8e.0007b0ce	user_options->hash_mode	13100
TOP.67e8cc8e.0007b0ce	user_options->hex_charset	0
TOP.67e8cc8e.0007b0ce	user_options->hex_salt	0
TOP.67e8cc8e.0007b0ce	user_options->hex_wordlist	0
TOP.67e8cc8e.0007b0ce	user_options->hook_threads	4
TOP.67e8cc8e.0007b0ce	user_options->identify	0
TOP.67e8cc8e.0007b0ce	user_options->increment	0
TOP.67e8cc8e.0007b0ce	user_options->increment_max	256
TOP.67e8cc8e.0007b0ce	user_options->increment_min	1
TOP.67e8cc8e.0007b0ce	user_options->keep_guessing	0
TOP.67e8cc8e.0007b0ce	user_options->kernel_accel	0
TOP.67e8cc8e.0007b0ce	user_options->kernel_loops	0
TOP.67e8cc8e.0007b0ce	user_options->kernel_threads	0
TOP.67e8cc8e.0007b0ce	user_options->keyspace	0
TOP.67e8cc8e.0007b0ce	user_options->left	0
TOP.67e8cc8e.0007b0ce	user_options->logfile_disable	0
TOP.67e8cc8e.0007b0ce	user_options->loopback	0
TOP.67e8cc8e.0007b0ce	user_options->machine_readable	0
TOP.67e8cc8e.0007b0ce	user_options->markov_classic	0
TOP.67e8cc8e.0007b0ce	user_options->markov_disable	0
TOP.67e8cc8e.0007b0ce	user_options->markov_inverse	0
TOP.67e8cc8e.0007b0ce	user_options->markov_threshold	256
TOP.67e8cc8e.0007b0ce	user_options->multiply_accel_disable	0
TOP.67e8cc8e.0007b0ce	user_options->backend_info	0
TOP.67e8cc8e.0007b0ce	user_options->backend_vector_width	0
TOP.67e8cc8e.0007b0ce	user_options->optimized_kernel_enable	0
TOP.67e8cc8e.0007b0ce	user_options->outfile_autohex	1
TOP.67e8cc8e.0007b0ce	user_options->outfile_check_timer	5
TOP.67e8cc8e.0007b0ce	user_options->outfile_format	3
TOP.67e8cc8e.0007b0ce	user_options->wordlist_autohex_disable	0
TOP.67e8cc8e.0007b0ce	user_options->potfile_disable	0
TOP.67e8cc8e.0007b0ce	user_options->progress_only	0
TOP.67e8cc8e.0007b0ce	user_options->quiet	0
TOP.67e8cc8e.0007b0ce	user_options->remove	0
TOP.67e8cc8e.0007b0ce	user_options->remove_timer	60
TOP.67e8cc8e.0007b0ce	user_options->restore	0
TOP.67e8cc8e.0007b0ce	user_options->restore_disable	0
TOP.67e8cc8e.0007b0ce	user_options->restore_timer	1
TOP.67e8cc8e.0007b0ce	user_options->rp_files_cnt	0
TOP.67e8cc8e.0007b0ce	user_options->rp_gen	0
TOP.67e8cc8e.0007b0ce	user_options->rp_gen_func_max	4
TOP.67e8cc8e.0007b0ce	user_options->rp_gen_func_min	1
TOP.67e8cc8e.0007b0ce	user_options->rp_gen_seed	0
TOP.67e8cc8e.0007b0ce	user_options->runtime	0
TOP.67e8cc8e.0007b0ce	user_options->scrypt_tmto	0
TOP.67e8cc8e.0007b0ce	user_options->segment_size	33554432
TOP.67e8cc8e.0007b0ce	user_options->self_test_disable	0
TOP.67e8cc8e.0007b0ce	user_options->slow_candidates	0
TOP.67e8cc8e.0007b0ce	user_options->show	0
TOP.67e8cc8e.0007b0ce	user_options->speed_only	0
TOP.67e8cc8e.0007b0ce	user_options->spin_damp	0
TOP.67e8cc8e.0007b0ce	user_options->status	0
TOP.67e8cc8e.0007b0ce	user_options->status_json	0
TOP.67e8cc8e.0007b0ce	user_options->status_timer	10
TOP.67e8cc8e.0007b0ce	user_options->stdout_flag	0
TOP.67e8cc8e.0007b0ce	user_options->usage	0
TOP.67e8cc8e.0007b0ce	user_options->username	0
TOP.67e8cc8e.0007b0ce	user_options->veracrypt_pim_start	485
TOP.67e8cc8e.0007b0ce	user_options->veracrypt_pim_stop	485
TOP.67e8cc8e.0007b0ce	user_options->version	0
TOP.67e8cc8e.0007b0ce	user_options->workload_profile	2
TOP.67e8cc8e.0007b0ce	user_options->brain_client	0
TOP.67e8cc8e.0007b0ce	user_options->brain_client_features	2
TOP.67e8cc8e.0007b0ce	user_options->brain_server	0
TOP.67e8cc8e.0007b0ce	user_options->brain_server_timer	300
TOP.67e8cc8e.0007b0ce	user_options->brain_port	6863
TOP.67e8cc8e.0007b0ce	user_options->brain_session	0
TOP.67e8cc8e.0007b0ce	hashes->hashfile	hash
TOP.67e8cc8e.0007b0ce	hashes->hashlist_mode	5
TOP.67e8cc8e.0007b0ce	hashes->hashlist_format	0
TOP.67e8cc8e.0007b0ce	hashes->hashes_cnt	0
TOP.67e8cc8e.0007b0ce	hashes->digests_cnt	1
TOP.67e8cc8e.0007b0ce	hashes->digests_done_pot	0
TOP.67e8cc8e.0007b0ce	hashes->digests_done_zero	0
TOP.67e8cc8e.0007b0ce	hashes->digests_done	0
TOP.67e8cc8e.0007b0ce	hashes->salts_cnt	1
TOP.67e8cc8e.0007b0ce	hashes->salts_done	0
TOP.67e8cc8e.0007b0ce	SUB.67e8cca0.000568f7	START
TOP.67e8cc8e.0007b0ce	SUB.67e8cca0.000568f7	straight_ctx->dict	/usr/share/wordlists/rockyou.txt
TOP.67e8cc8e.0007b0ce	SUB.67e8cca0.000568f7	runtime_start	1743309984
TOP.67e8cc8e.0007b0ce	SUB.67e8cca0.000568f7	runtime_stop	1743309991
TOP.67e8cc8e.0007b0ce	SUB.67e8cca0.000568f7	hashes->digests_done_new	0
TOP.67e8cc8e.0007b0ce	SUB.67e8cca0.000568f7	status-after-work	5
TOP.67e8cc8e.0007b0ce	SUB.67e8cca0.000568f7	STOP
TOP.67e8cc8e.0007b0ce	proc_start	1743309966
TOP.67e8cc8e.0007b0ce	proc_stop	1743309992
TOP.67e8cc8e.0007b0ce	STOP
TOP.67e8ccaf.0002cd7b	START
TOP.67e8ccaf.0002cd7b	folder_config->cwd	/home/blue/Documents/htb/machines/certified
TOP.67e8ccaf.0002cd7b	folder_config->install_dir	/usr/bin
TOP.67e8ccaf.0002cd7b	folder_config->profile_dir	/home/blue/.local/share/hashcat
TOP.67e8ccaf.0002cd7b	folder_config->session_dir	/home/blue/.local/share/hashcat/sessions
TOP.67e8ccaf.0002cd7b	folder_config->shared_dir	/usr/share/hashcat
TOP.67e8ccaf.0002cd7b	user_options->encoding_from	utf-8
TOP.67e8ccaf.0002cd7b	user_options->encoding_to	utf-8
TOP.67e8ccaf.0002cd7b	user_options->rule_buf_l	:
TOP.67e8ccaf.0002cd7b	user_options->rule_buf_r	:
TOP.67e8ccaf.0002cd7b	user_options->session	hashcat
TOP.67e8ccaf.0002cd7b	user_options->separator	:
TOP.67e8ccaf.0002cd7b	user_options->limit	0
TOP.67e8ccaf.0002cd7b	user_options->skip	0
TOP.67e8ccaf.0002cd7b	user_options->attack_mode	0
TOP.67e8ccaf.0002cd7b	user_options->benchmark	0
TOP.67e8ccaf.0002cd7b	user_options->benchmark_all	0
TOP.67e8ccaf.0002cd7b	user_options->bitmap_max	18
TOP.67e8ccaf.0002cd7b	user_options->bitmap_min	16
TOP.67e8ccaf.0002cd7b	user_options->debug_mode	0
TOP.67e8ccaf.0002cd7b	user_options->hash_info	0
TOP.67e8ccaf.0002cd7b	user_options->force	1
TOP.67e8ccaf.0002cd7b	user_options->hwmon_disable	0
TOP.67e8ccaf.0002cd7b	user_options->hwmon_temp_abort	90
TOP.67e8ccaf.0002cd7b	user_options->hash_mode	13100
TOP.67e8ccaf.0002cd7b	user_options->hex_charset	0
TOP.67e8ccaf.0002cd7b	user_options->hex_salt	0
TOP.67e8ccaf.0002cd7b	user_options->hex_wordlist	0
TOP.67e8ccaf.0002cd7b	user_options->hook_threads	4
TOP.67e8ccaf.0002cd7b	user_options->identify	0
TOP.67e8ccaf.0002cd7b	user_options->increment	0
TOP.67e8ccaf.0002cd7b	user_options->increment_max	256
TOP.67e8ccaf.0002cd7b	user_options->increment_min	1
TOP.67e8ccaf.0002cd7b	user_options->keep_guessing	0
TOP.67e8ccaf.0002cd7b	user_options->kernel_accel	0
TOP.67e8ccaf.0002cd7b	user_options->kernel_loops	0
TOP.67e8ccaf.0002cd7b	user_options->kernel_threads	0
TOP.67e8ccaf.0002cd7b	user_options->keyspace	0
TOP.67e8ccaf.0002cd7b	user_options->left	0
TOP.67e8ccaf.0002cd7b	user_options->logfile_disable	0
TOP.67e8ccaf.0002cd7b	user_options->loopback	0
TOP.67e8ccaf.0002cd7b	user_options->machine_readable	0
TOP.67e8ccaf.0002cd7b	user_options->markov_classic	0
TOP.67e8ccaf.0002cd7b	user_options->markov_disable	0
TOP.67e8ccaf.0002cd7b	user_options->markov_inverse	0
TOP.67e8ccaf.0002cd7b	user_options->markov_threshold	256
TOP.67e8ccaf.0002cd7b	user_options->multiply_accel_disable	0
TOP.67e8ccaf.0002cd7b	user_options->backend_info	0
TOP.67e8ccaf.0002cd7b	user_options->backend_vector_width	0
TOP.67e8ccaf.0002cd7b	user_options->optimized_kernel_enable	0
TOP.67e8ccaf.0002cd7b	user_options->outfile_autohex	1
TOP.67e8ccaf.0002cd7b	user_options->outfile_check_timer	5
TOP.67e8ccaf.0002cd7b	user_options->outfile_format	3
TOP.67e8ccaf.0002cd7b	user_options->wordlist_autohex_disable	0
TOP.67e8ccaf.0002cd7b	user_options->potfile_disable	0
TOP.67e8ccaf.0002cd7b	user_options->progress_only	0
TOP.67e8ccaf.0002cd7b	user_options->quiet	0
TOP.67e8ccaf.0002cd7b	user_options->remove	0
TOP.67e8ccaf.0002cd7b	user_options->remove_timer	60
TOP.67e8ccaf.0002cd7b	user_options->restore	0
TOP.67e8ccaf.0002cd7b	user_options->restore_disable	0
TOP.67e8ccaf.0002cd7b	user_options->restore_timer	1
TOP.67e8ccaf.0002cd7b	user_options->rp_files_cnt	0
TOP.67e8ccaf.0002cd7b	user_options->rp_gen	0
TOP.67e8ccaf.0002cd7b	user_options->rp_gen_func_max	4
TOP.67e8ccaf.0002cd7b	user_options->rp_gen_func_min	1
TOP.67e8ccaf.0002cd7b	user_options->rp_gen_seed	0
TOP.67e8ccaf.0002cd7b	user_options->runtime	0
TOP.67e8ccaf.0002cd7b	user_options->scrypt_tmto	0
TOP.67e8ccaf.0002cd7b	user_options->segment_size	33554432
TOP.67e8ccaf.0002cd7b	user_options->self_test_disable	0
TOP.67e8ccaf.0002cd7b	user_options->slow_candidates	0
TOP.67e8ccaf.0002cd7b	user_options->show	0
TOP.67e8ccaf.0002cd7b	user_options->speed_only	0
TOP.67e8ccaf.0002cd7b	user_options->spin_damp	0
TOP.67e8ccaf.0002cd7b	user_options->status	0
TOP.67e8ccaf.0002cd7b	user_options->status_json	0
TOP.67e8ccaf.0002cd7b	user_options->status_timer	10
TOP.67e8ccaf.0002cd7b	user_options->stdout_flag	0
TOP.67e8ccaf.0002cd7b	user_options->usage	0
TOP.67e8ccaf.0002cd7b	user_options->username	0
TOP.67e8ccaf.0002cd7b	user_options->veracrypt_pim_start	485
TOP.67e8ccaf.0002cd7b	user_options->veracrypt_pim_stop	485
TOP.67e8ccaf.0002cd7b	user_options->version	0
TOP.67e8ccaf.0002cd7b	user_options->workload_profile	2
TOP.67e8ccaf.0002cd7b	user_options->brain_client	0
TOP.67e8ccaf.0002cd7b	user_options->brain_client_features	2
TOP.67e8ccaf.0002cd7b	user_options->brain_server	0
TOP.67e8ccaf.0002cd7b	user_options->brain_server_timer	300
TOP.67e8ccaf.0002cd7b	user_options->brain_port	6863
TOP.67e8ccaf.0002cd7b	user_options->brain_session	0
TOP.67e8ccaf.0002cd7b	hashes->hashfile	hash
TOP.67e8ccaf.0002cd7b	hashes->hashlist_mode	5
TOP.67e8ccaf.0002cd7b	hashes->hashlist_format	0
TOP.67e8ccaf.0002cd7b	hashes->hashes_cnt	0
TOP.67e8ccaf.0002cd7b	hashes->digests_cnt	1
TOP.67e8ccaf.0002cd7b	hashes->digests_done_pot	0
TOP.67e8ccaf.0002cd7b	hashes->digests_done_zero	0
TOP.67e8ccaf.0002cd7b	hashes->digests_done	0
TOP.67e8ccaf.0002cd7b	hashes->salts_cnt	1
TOP.67e8ccaf.0002cd7b	hashes->salts_done	0
TOP.67e8ccaf.0002cd7b	SUB.67e8ccaf.0009dc24	START
TOP.67e8ccaf.0002cd7b	SUB.67e8ccaf.0009dc24	straight_ctx->dict	/usr/share/wordlists/rockyou.txt
TOP.67e8ccaf.0002cd7b	SUB.67e8ccaf.0009dc24	runtime_start	1743309999
TOP.67e8ccaf.0002cd7b	SUB.67e8ccaf.0009dc24	runtime_stop	1743310006
TOP.67e8ccaf.0002cd7b	SUB.67e8ccaf.0009dc24	hashes->digests_done_new	0
TOP.67e8ccaf.0002cd7b	SUB.67e8ccaf.0009dc24	status-after-work	5
TOP.67e8ccaf.0002cd7b	SUB.67e8ccaf.0009dc24	STOP
TOP.67e8ccaf.0002cd7b	proc_start	1743309999
TOP.67e8ccaf.0002cd7b	proc_stop	1743310008
TOP.67e8ccaf.0002cd7b	STOP
TOP.67e8ccd0.000f10b9	START
TOP.67e8ccd0.000f10b9	folder_config->cwd	/home/blue/Documents/htb/machines/certified
TOP.67e8ccd0.000f10b9	folder_config->install_dir	/usr/bin
TOP.67e8ccd0.000f10b9	folder_config->profile_dir	/home/blue/.local/share/hashcat
TOP.67e8ccd0.000f10b9	folder_config->session_dir	/home/blue/.local/share/hashcat/sessions
TOP.67e8ccd0.000f10b9	folder_config->shared_dir	/usr/share/hashcat
TOP.67e8ccd0.000f10b9	user_options->encoding_from	utf-8
TOP.67e8ccd0.000f10b9	user_options->encoding_to	utf-8
TOP.67e8ccd0.000f10b9	user_options->rule_buf_l	:
TOP.67e8ccd0.000f10b9	user_options->rule_buf_r	:
TOP.67e8ccd0.000f10b9	user_options->session	hashcat
TOP.67e8ccd0.000f10b9	user_options->separator	:
TOP.67e8ccd0.000f10b9	user_options->limit	0
TOP.67e8ccd0.000f10b9	user_options->skip	0
TOP.67e8ccd0.000f10b9	user_options->attack_mode	0
TOP.67e8ccd0.000f10b9	user_options->benchmark	0
TOP.67e8ccd0.000f10b9	user_options->benchmark_all	0
TOP.67e8ccd0.000f10b9	user_options->bitmap_max	18
TOP.67e8ccd0.000f10b9	user_options->bitmap_min	16
TOP.67e8ccd0.000f10b9	user_options->debug_mode	0
TOP.67e8ccd0.000f10b9	user_options->hash_info	0
TOP.67e8ccd0.000f10b9	user_options->force	1
TOP.67e8ccd0.000f10b9	user_options->hwmon_disable	0
TOP.67e8ccd0.000f10b9	user_options->hwmon_temp_abort	90
TOP.67e8ccd0.000f10b9	user_options->hash_mode	13100
TOP.67e8ccd0.000f10b9	user_options->hex_charset	0
TOP.67e8ccd0.000f10b9	user_options->hex_salt	0
TOP.67e8ccd0.000f10b9	user_options->hex_wordlist	0
TOP.67e8ccd0.000f10b9	user_options->hook_threads	4
TOP.67e8ccd0.000f10b9	user_options->identify	0
TOP.67e8ccd0.000f10b9	user_options->increment	0
TOP.67e8ccd0.000f10b9	user_options->increment_max	256
TOP.67e8ccd0.000f10b9	user_options->increment_min	1
TOP.67e8ccd0.000f10b9	user_options->keep_guessing	0
TOP.67e8ccd0.000f10b9	user_options->kernel_accel	0
TOP.67e8ccd0.000f10b9	user_options->kernel_loops	0
TOP.67e8ccd0.000f10b9	user_options->kernel_threads	0
TOP.67e8ccd0.000f10b9	user_options->keyspace	0
TOP.67e8ccd0.000f10b9	user_options->left	0
TOP.67e8ccd0.000f10b9	user_options->logfile_disable	0
TOP.67e8ccd0.000f10b9	user_options->loopback	0
TOP.67e8ccd0.000f10b9	user_options->machine_readable	0
TOP.67e8ccd0.000f10b9	user_options->markov_classic	0
TOP.67e8ccd0.000f10b9	user_options->markov_disable	0
TOP.67e8ccd0.000f10b9	user_options->markov_inverse	0
TOP.67e8ccd0.000f10b9	user_options->markov_threshold	256
TOP.67e8ccd0.000f10b9	user_options->multiply_accel_disable	0
TOP.67e8ccd0.000f10b9	user_options->backend_info	0
TOP.67e8ccd0.000f10b9	user_options->backend_vector_width	0
TOP.67e8ccd0.000f10b9	user_options->optimized_kernel_enable	0
TOP.67e8ccd0.000f10b9	user_options->outfile_autohex	1
TOP.67e8ccd0.000f10b9	user_options->outfile_check_timer	5
TOP.67e8ccd0.000f10b9	user_options->outfile_format	3
TOP.67e8ccd0.000f10b9	user_options->wordlist_autohex_disable	0
TOP.67e8ccd0.000f10b9	user_options->potfile_disable	0
TOP.67e8ccd0.000f10b9	user_options->progress_only	0
TOP.67e8ccd0.000f10b9	user_options->quiet	0
TOP.67e8ccd0.000f10b9	user_options->remove	0
TOP.67e8ccd0.000f10b9	user_options->remove_timer	60
TOP.67e8ccd0.000f10b9	user_options->restore	0
TOP.67e8ccd0.000f10b9	user_options->restore_disable	0
TOP.67e8ccd0.000f10b9	user_options->restore_timer	1
TOP.67e8ccd0.000f10b9	user_options->rp_files_cnt	0
TOP.67e8ccd0.000f10b9	user_options->rp_gen	0
TOP.67e8ccd0.000f10b9	user_options->rp_gen_func_max	4
TOP.67e8ccd0.000f10b9	user_options->rp_gen_func_min	1
TOP.67e8ccd0.000f10b9	user_options->rp_gen_seed	0
TOP.67e8ccd0.000f10b9	user_options->runtime	0
TOP.67e8ccd0.000f10b9	user_options->scrypt_tmto	0
TOP.67e8ccd0.000f10b9	user_options->segment_size	33554432
TOP.67e8ccd0.000f10b9	user_options->self_test_disable	0
TOP.67e8ccd0.000f10b9	user_options->slow_candidates	0
TOP.67e8ccd0.000f10b9	user_options->show	0
TOP.67e8ccd0.000f10b9	user_options->speed_only	0
TOP.67e8ccd0.000f10b9	user_options->spin_damp	0
TOP.67e8ccd0.000f10b9	user_options->status	0
TOP.67e8ccd0.000f10b9	user_options->status_json	0
TOP.67e8ccd0.000f10b9	user_options->status_timer	10
TOP.67e8ccd0.000f10b9	user_options->stdout_flag	0
TOP.67e8ccd0.000f10b9	user_options->usage	0
TOP.67e8ccd0.000f10b9	user_options->username	0
TOP.67e8ccd0.000f10b9	user_options->veracrypt_pim_start	485
TOP.67e8ccd0.000f10b9	user_options->veracrypt_pim_stop	485
TOP.67e8ccd0.000f10b9	user_options->version	0
TOP.67e8ccd0.000f10b9	user_options->workload_profile	2
TOP.67e8ccd0.000f10b9	user_options->brain_client	0
TOP.67e8ccd0.000f10b9	user_options->brain_client_features	2
TOP.67e8ccd0.000f10b9	user_options->brain_server	0
TOP.67e8ccd0.000f10b9	user_options->brain_server_timer	300
TOP.67e8ccd0.000f10b9	user_options->brain_port	6863
TOP.67e8ccd0.000f10b9	user_options->brain_session	0
TOP.67e8ccd0.000f10b9	hashes->hashfile	hash
TOP.67e8ccd0.000f10b9	hashes->hashlist_mode	5
TOP.67e8ccd0.000f10b9	hashes->hashlist_format	0
TOP.67e8ccd0.000f10b9	hashes->hashes_cnt	0
TOP.67e8ccd0.000f10b9	hashes->digests_cnt	1
TOP.67e8ccd0.000f10b9	hashes->digests_done_pot	0
TOP.67e8ccd0.000f10b9	hashes->digests_done_zero	0
TOP.67e8ccd0.000f10b9	hashes->digests_done	0
TOP.67e8ccd0.000f10b9	hashes->salts_cnt	1
TOP.67e8ccd0.000f10b9	hashes->salts_done	0
TOP.67e8ccd0.000f10b9	SUB.67e8ccd1.0006bdef	START
TOP.67e8ccd0.000f10b9	SUB.67e8ccd1.0006bdef	straight_ctx->dict	/usr/share/wordlists/rockyou.txt
TOP.67e8ccd0.000f10b9	SUB.67e8ccd1.0006bdef	runtime_start	1743310033
TOP.67e8ccd0.000f10b9	SUB.67e8ccd1.0006bdef	runtime_stop	1743310040
TOP.67e8ccd0.000f10b9	SUB.67e8ccd1.0006bdef	hashes->digests_done_new	0
TOP.67e8ccd0.000f10b9	SUB.67e8ccd1.0006bdef	status-after-work	5
TOP.67e8ccd0.000f10b9	SUB.67e8ccd1.0006bdef	STOP
TOP.67e8ccd0.000f10b9	proc_start	1743310032
TOP.67e8ccd0.000f10b9	proc_stop	1743310041
TOP.67e8ccd0.000f10b9	STOP
