   205.1ms (setup:1108): 2025-03-22 23:45:19
   205.3ms (setup:1109): /usr/bin/pipx install tensorflow-gpu==2.11.0
   205.4ms (setup:1110): pipx version is 1.7.1
   205.5ms (setup:1111): Default python interpreter is '/usr/bin/python3.13'
   207.2ms (package_name_from_spec:378): Determined package name: tensorflow-gpu
   207.3ms (package_name_from_spec:379): Package name determined in 0.0s
   207.5ms (create_venv:164): Creating virtual environment
   208.8ms (run_subprocess:175): running /usr/bin/python3.13 -m venv --without-pip /home/blue/.local/share/pipx/venvs/tensorflow-gpu
   281.9ms (run_subprocess:195): stdout:
   282.0ms (run_subprocess:197): stderr:
   282.0ms (run_subprocess:198): returncode: 0
   283.1ms (run_subprocess:175): running <checking pip's availability>
   308.7ms (run_subprocess:195): stdout: ModuleSpec(name='pip', loader=<_frozen_importlib_external.SourceFileLoader object at 0x7f4a429d3050>, origin='/home/blue/.local/share/pipx/shared/lib/python3.13/site-packages/pip/__init__.py', submodule_search_locations=['/home/blue/.local/share/pipx/shared/lib/python3.13/site-packages/pip'])
   308.9ms (run_subprocess:198): returncode: 0
   309.3ms (run_subprocess:175): running /home/blue/.local/share/pipx/venvs/tensorflow-gpu/bin/python -c import sysconfig; print(sysconfig.get_path('purelib'))
   337.1ms (run_subprocess:195): stdout: /home/blue/.local/share/pipx/venvs/tensorflow-gpu/lib/python3.13/site-packages
   337.2ms (run_subprocess:198): returncode: 0
   337.7ms (run_subprocess:175): running /home/blue/.local/share/pipx/shared/bin/python -c import sysconfig; print(sysconfig.get_path('purelib'))
   366.8ms (run_subprocess:195): stdout: /home/blue/.local/share/pipx/shared/lib/python3.13/site-packages
   367.0ms (run_subprocess:198): returncode: 0
   368.1ms (run_subprocess:175): running /home/blue/.local/share/pipx/venvs/tensorflow-gpu/bin/python --version
   372.7ms (run_subprocess:195): stdout: Python 3.13.2
   372.8ms (run_subprocess:197): stderr:
   372.9ms (run_subprocess:198): returncode: 0
   373.2ms (_parsed_package_to_package_or_url:139): cleaned package spec: tensorflow-gpu==2.11.0
   373.3ms (install_package:247): Installing tensorflow-gpu from spec 'tensorflow-gpu==2.11.0'
   374.0ms (run_subprocess:175): running /home/blue/.local/share/pipx/venvs/tensorflow-gpu/bin/python -m pip --no-input install tensorflow-gpu==2.11.0
  1033.6ms (run_subprocess:198): returncode: 1
  1034.0ms (subprocess_post_check_handle_pip_error:332): '/home/blue/.local/share/pipx/venvs/tensorflow-gpu/bin/python -m pip --no-input install tensorflow-gpu==2.11.0' failed
  1034.9ms (subprocess_post_check_handle_pip_error:347): Fatal error from pip prevented installation. Full pip output in file:
    /home/blue/.local/state/pipx/log/cmd_2025-03-22_23.45.19_pip_errors.log
  1036.9ms (rmdir:56): removing directory /home/blue/.local/share/pipx/venvs/tensorflow-gpu
  1038.7ms (cli:1179): PipxError: Error installing tensorflow-gpu from spec 'tensorflow-gpu==2.11.0'.
Traceback (most recent call last):
  File "/usr/lib/python3/dist-packages/pipx/main.py", line 1176, in cli
    return run_pipx_command(parsed_pipx_args, subparsers)
  File "/usr/lib/python3/dist-packages/pipx/main.py", line 282, in run_pipx_command
    return commands.install(
           ~~~~~~~~~~~~~~~~^
        None,
        ^^^^^
    ...<13 lines>...
        python_flag_passed=python_flag_passed,
        ^^^^^^^^^^^^^^^^^^^^^^^^^^^^^^^^^^^^^^
    )
    ^
  File "/usr/lib/python3/dist-packages/pipx/commands/install.py", line 99, in install
    venv.install_package(
    ~~~~~~~~~~~~~~~~~~~~^
        package_name=package_name,
        ^^^^^^^^^^^^^^^^^^^^^^^^^^
    ...<5 lines>...
        suffix=suffix,
        ^^^^^^^^^^^^^^
    )
    ^
  File "/usr/lib/python3/dist-packages/pipx/venv.py", line 265, in install_package
    raise PipxError(f"Error installing {full_package_description(package_name, package_or_url)}.")
pipx.util.PipxError: Error installing tensorflow-gpu from spec 'tensorflow-gpu==2.11.0'.
  1040.6ms (cli:1187): pipx finished.
