   204.4ms (setup:1108): 2025-03-22 23:45:02
   204.5ms (setup:1109): /usr/bin/pipx install tensorflow-gpu==2.00
   204.6ms (setup:1110): pipx version is 1.7.1
   204.7ms (setup:1111): Default python interpreter is '/usr/bin/python3.13'
   206.3ms (package_name_from_spec:378): Determined package name: tensorflow-gpu
   206.4ms (package_name_from_spec:379): Package name determined in 0.0s
   206.6ms (create_venv:164): Creating virtual environment
   207.6ms (run_subprocess:175): running /usr/bin/python3.13 -m venv --without-pip /home/blue/.local/share/pipx/venvs/tensorflow-gpu
   283.2ms (run_subprocess:195): stdout:
   283.6ms (run_subprocess:197): stderr:
   283.7ms (run_subprocess:198): returncode: 0
   284.8ms (run_subprocess:175): running <checking pip's availability>
   311.3ms (run_subprocess:195): stdout: ModuleSpec(name='pip', loader=<_frozen_importlib_external.SourceFileLoader object at 0x7f3612433050>, origin='/home/blue/.local/share/pipx/shared/lib/python3.13/site-packages/pip/__init__.py', submodule_search_locations=['/home/blue/.local/share/pipx/shared/lib/python3.13/site-packages/pip'])
   311.4ms (run_subprocess:198): returncode: 0
   311.8ms (run_subprocess:175): running /home/blue/.local/share/pipx/venvs/tensorflow-gpu/bin/python -c import sysconfig; print(sysconfig.get_path('purelib'))
   338.5ms (run_subprocess:195): stdout: /home/blue/.local/share/pipx/venvs/tensorflow-gpu/lib/python3.13/site-packages
   338.7ms (run_subprocess:198): returncode: 0
   339.5ms (run_subprocess:175): running /home/blue/.local/share/pipx/shared/bin/python -c import sysconfig; print(sysconfig.get_path('purelib'))
   367.7ms (run_subprocess:195): stdout: /home/blue/.local/share/pipx/shared/lib/python3.13/site-packages
   367.9ms (run_subprocess:198): returncode: 0
   368.7ms (run_subprocess:175): running /home/blue/.local/share/pipx/venvs/tensorflow-gpu/bin/python --version
   373.8ms (run_subprocess:195): stdout: Python 3.13.2
   373.9ms (run_subprocess:197): stderr:
   374.0ms (run_subprocess:198): returncode: 0
   374.3ms (_parsed_package_to_package_or_url:139): cleaned package spec: tensorflow-gpu==2.00
   374.4ms (install_package:247): Installing tensorflow-gpu from spec 'tensorflow-gpu==2.00'
   375.2ms (run_subprocess:175): running /home/blue/.local/share/pipx/venvs/tensorflow-gpu/bin/python -m pip --no-input install tensorflow-gpu==2.00
  1053.7ms (run_subprocess:198): returncode: 1
  1054.1ms (subprocess_post_check_handle_pip_error:332): '/home/blue/.local/share/pipx/venvs/tensorflow-gpu/bin/python -m pip --no-input install tensorflow-gpu==2.00' failed
  1054.5ms (subprocess_post_check_handle_pip_error:347): Fatal error from pip prevented installation. Full pip output in file:
    /home/blue/.local/state/pipx/log/cmd_2025-03-22_23.45.02_pip_errors.log
  1055.6ms (rmdir:56): removing directory /home/blue/.local/share/pipx/venvs/tensorflow-gpu
  1057.1ms (cli:1179): PipxError: Error installing tensorflow-gpu from spec 'tensorflow-gpu==2.00'.
Traceback (most recent call last):
  File "/usr/lib/python3/dist-packages/pipx/main.py", line 1176, in cli
    return run_pipx_command(parsed_pipx_args, subparsers)
  File "/usr/lib/python3/dist-packages/pipx/main.py", line 282, in run_pipx_command
    return commands.install(
           ~~~~~~~~~~~~~~~~^
        None,
        ^^^^^
    ...<13 lines>...
        python_flag_passed=python_flag_passed,
        ^^^^^^^^^^^^^^^^^^^^^^^^^^^^^^^^^^^^^^
    )
    ^
  File "/usr/lib/python3/dist-packages/pipx/commands/install.py", line 99, in install
    venv.install_package(
    ~~~~~~~~~~~~~~~~~~~~^
        package_name=package_name,
        ^^^^^^^^^^^^^^^^^^^^^^^^^^
    ...<5 lines>...
        suffix=suffix,
        ^^^^^^^^^^^^^^
    )
    ^
  File "/usr/lib/python3/dist-packages/pipx/venv.py", line 265, in install_package
    raise PipxError(f"Error installing {full_package_description(package_name, package_or_url)}.")
pipx.util.PipxError: Error installing tensorflow-gpu from spec 'tensorflow-gpu==2.00'.
  1058.8ms (cli:1187): pipx finished.
